[1;95m  ← Capella Bangkok  [row 1][0m
[1;95m    writing to Excel...[0m
[1;95m    ✓ row 1 written  Capella Bangkok[0m
[1;95m  ← Mandarin Oriental Bangkok  [row 2][0m
[1;95m    writing to Excel...[0m
[1;95m    ✓ row 2 written  Mandarin Oriental Bangkok[0m
[1;95m  ← Siam Kempinski Hotel Bangkok  [row 3][0m
[1;95m    writing to Excel...[0m
[1;95m    ✓ row 3 written  Siam Kempinski Hotel Bangkok[0m
[1;95m  ← The Peninsula Bangkok  [row 4][0m
[1;95m    writing to Excel...[0m
[1;95m    ✓ row 4 written  The Peninsula Bangkok[0m
[1;95m  ← Shangri-La Bangkok  [row 5][0m
[1;95m    writing to Excel...[0m
[1;95m    ✓ row 5 written  Shangri-La Bangkok[0m
[1;95m  ← Four Seasons Bangkok  [row 6][0m
[1;95m    writing to Excel...[0m
[1;95m    ✓ row 6 written  Four Seasons Bangkok[0m
[1;95m  ← Anantara Riverside Bangkok Resort  [row 7][0m
[1;95m    writing to Excel...[0m
[1;95m    ✓ row 7 written  Anantara Riverside Bangkok Resort[0m
[1;95m  ← Arun Residence  [row 8][0m
[1;95m    writing to Excel...[0m
[1;95m    ✓ row 8 written  Arun Residence[0m
[1;95m  ← Centara Grand at CentralWorld  [row 9][0m
[1;95m    writing to Excel...[0m
[1;95m    ✓ row 9 written  Centara Grand at CentralWorld[0m
[1;95m  ← VIE Hotel Bangkok MGallery  [row 10][0m
[1;95m    writing to Excel...[0m
[1;95m    ✓ row 10 written  VIE Hotel Bangkok MGallery[0m
[1;95m  ← SO/ Bangkok  [row 11][0m
[1;95m    writing to Excel...[0m
[1;95m    ✓ row 11 written  SO/ Bangkok[0m
[1;95m  ← The Westin Grande Sukhumvit  [row 12][0m
[1;95m    writing to Excel...[0m
[1;95m    ✓ row 12 written  The Westin Grande Sukhumvit[0m
[1;95m  ← Sala Rattanakosin Hotel  [row 13][0m
[1;95m    writing to Excel...[0m
[1;95m    ✓ row 13 written  Sala Rattanakosin Hotel[0m
[1;95m  ← Sindhorn Midtown Hotel Bangkok  [row 14][0m
[1;95m    writing to Excel...[0m
[1;95m    ✓ row 14 written  Sindhorn Midtown Hotel Bangkok[0m
[1;95m  ← Pullman Bangkok Hotel G  [row 15][0m
[1;95m    writing to Excel...[0m
[1;95m    ✓ row 15 written  Pullman Bangkok Hotel G[0m
[1;95m  ← Riva Surya Bangkok  [row 16][0m
[1;95m    writing to Excel...[0m
[1;95m    ✓ row 16 written  Riva Surya Bangkok[0m
[1;95m  ← The Sukhumvit Hotel Bangkok  [row 17][0m
[1;95m    writing to Excel...[0m
[1;95m    ✓ row 17 written  The Sukhumvit Hotel Bangkok[0m
[1;95m  ← Amari Bangkok  [row 18][0m
[1;95m    writing to Excel...[0m
[1;95m    ✓ row 18 written  Amari Bangkok[0m
[1;95m  ← Novotel Bangkok on Siam Square  [row 19][0m
[1;95m    writing to Excel...[0m
[1;95m    ✓ row 19 written  Novotel Bangkok on Siam Square[0m
[1;95m  ← Novotel Bangkok Sukhumvit 20  [row 20][0m
[1;95m    writing to Excel...[0m
[1;95m    ✓ row 20 written  Novotel Bangkok Sukhumvit 20[0m
