[1;93m  ← Raffles Hotel Singapore[0m
[1;93m    normalizing fields...[0m
[1;93m    ✓  $350.0/night  ★9.6  City Hall[0m
[1;93m  ← Capella Singapore[0m
[1;93m    normalizing fields...[0m
[1;93m    ✓  $290.0/night  ★9.4  Sentosa[0m
[1;93m  ← The St. Regis Singapore[0m
[1;93m    normalizing fields...[0m
[1;93m    ✓  $220.0/night  ★9.3  Orchard[0m
[1;93m  ← Marina Bay Sands[0m
[1;93m    normalizing fields...[0m
[1;93m    ✓  $280.0/night  ★9.2  Marina Bay[0m
[1;93m  ← The Fullerton Hotel Singapore[0m
[1;93m    normalizing fields...[0m
[1;93m    ✓  $148.0/night  ★9.1  Marina Bay[0m
[1;93m  ← Shangri-La Singapore[0m
[1;93m    normalizing fields...[0m
[1;93m    ✓  $150.0/night  ★9.0  Orchard[0m
[1;93m  ← PARKROYAL COLLECTION Marina Bay[0m
[1;93m    normalizing fields...[0m
[1;93m    ✓  $149.0/night  ★8.9  Marina Bay[0m
[1;93m  ← Andaz Singapore[0m
[1;93m    normalizing fields...[0m
[1;93m    ✓  $145.0/night  ★8.9  Bugis[0m
[1;93m  ← Fairmont Singapore[0m
[1;93m    normalizing fields...[0m
[1;93m    ✓  $148.0/night  ★8.8  City Hall[0m
[1;93m  ← COMO Metropolitan Singapore[0m
[1;93m    normalizing fields...[0m
[1;93m    ✓  $140.0/night  ★8.8  Orchard[0m
[1;93m  ← Pan Pacific Singapore[0m
[1;93m    normalizing fields...[0m
[1;93m    ✓  $148.0/night  ★8.8  Marina Bay[0m
[1;93m  ← Pullman Singapore Hill Street[0m
[1;93m    normalizing fields...[0m
[1;93m    ✓  $142.0/night  ★8.7  Clarke Quay[0m
[1;93m  ← Grand Hyatt Singapore[0m
[1;93m    normalizing fields...[0m
[1;93m    ✓  $145.0/night  ★8.7  Orchard[0m
[1;93m  ← Swissôtel The Stamford[0m
[1;93m    normalizing fields...[0m
[1;93m    ✓  $135.0/night  ★8.6  City Hall[0m
[1;93m  ← Hilton Singapore Orchard[0m
[1;93m    normalizing fields...[0m
[1;93m    ✓  $138.0/night  ★8.5  Orchard[0m
[1;93m  ← Mandarin Orchard Singapore[0m
[1;93m    normalizing fields...[0m
[1;93m    ✓  $145.0/night  ★8.5  Orchard[0m
[1;93m  ← Novotel Singapore on Stevens[0m
[1;93m    normalizing fields...[0m
[1;93m    ✓  $108.0/night  ★8.3  Orchard[0m
[1;93m  ← Village Hotel Bugis[0m
[1;93m    normalizing fields...[0m
[1;93m    ✓  $95.0/night  ★8.2  Bugis[0m
[1;93m  ← Hotel Jen Orchardgateway[0m
[1;93m    normalizing fields...[0m
[1;93m    ✓  $98.0/night  ★8.1  Orchard[0m
[1;93m  ← Amara Singapore[0m
[1;93m    normalizing fields...[0m
[1;93m    ✓  $92.0/night  ★8.1  Tanjong Pagar[0m
