[1;92m  ← Capella Bangkok[0m
[1;92m    checking  $147.0 ≤ $150.0  ★9.5 ≥ ★7.5[0m
[1;92m    ✓ PASS  Capella Bangkok[0m
[1;92m  ← Mandarin Oriental Bangkok[0m
[1;92m    checking  $135.0 ≤ $150.0  ★9.4 ≥ ★7.5[0m
[1;92m    ✓ PASS  Mandarin Oriental Bangkok[0m
[1;92m  ← Siam Kempinski Hotel Bangkok[0m
[1;92m    checking  $149.0 ≤ $150.0  ★9.3 ≥ ★7.5[0m
[1;92m    ✓ PASS  Siam Kempinski Hotel Bangkok[0m
[1;92m  ← The Peninsula Bangkok[0m
[1;92m    checking  $142.0 ≤ $150.0  ★9.2 ≥ ★7.5[0m
[1;92m    ✓ PASS  The Peninsula Bangkok[0m
[1;92m  ← Shangri-La Bangkok[0m
[1;92m    checking  $148.0 ≤ $150.0  ★9.1 ≥ ★7.5[0m
[1;92m    ✓ PASS  Shangri-La Bangkok[0m
[1;92m  ← Four Seasons Bangkok[0m
[1;92m    checking  $144.0 ≤ $150.0  ★9.1 ≥ ★7.5[0m
[1;92m    ✓ PASS  Four Seasons Bangkok[0m
[1;92m  ← Anantara Riverside Bangkok Resort[0m
[1;92m    checking  $143.0 ≤ $150.0  ★9.0 ≥ ★7.5[0m
[1;92m    ✓ PASS  Anantara Riverside Bangkok Resort[0m
[1;92m  ← Arun Residence[0m
[1;92m    checking  $55.0 ≤ $150.0  ★9.0 ≥ ★7.5[0m
[1;92m    ✓ PASS  Arun Residence[0m
[1;92m  ← Centara Grand at CentralWorld[0m
[1;92m    checking  $140.0 ≤ $150.0  ★8.9 ≥ ★7.5[0m
[1;92m    ✓ PASS  Centara Grand at CentralWorld[0m
[1;92m  ← VIE Hotel Bangkok MGallery[0m
[1;92m    checking  $125.0 ≤ $150.0  ★8.9 ≥ ★7.5[0m
[1;92m    ✓ PASS  VIE Hotel Bangkok MGallery[0m
[1;92m  ← SO/ Bangkok[0m
[1;92m    checking  $125.0 ≤ $150.0  ★8.8 ≥ ★7.5[0m
[1;92m    ✓ PASS  SO/ Bangkok[0m
[1;92m  ← The Westin Grande Sukhumvit[0m
[1;92m    checking  $145.0 ≤ $150.0  ★8.8 ≥ ★7.5[0m
[1;92m    ✓ PASS  The Westin Grande Sukhumvit[0m
[1;92m  ← Sala Rattanakosin Hotel[0m
[1;92m    checking  $110.0 ≤ $150.0  ★8.8 ≥ ★7.5[0m
[1;92m    ✓ PASS  Sala Rattanakosin Hotel[0m
[1;92m  ← Sindhorn Midtown Hotel Bangkok[0m
[1;92m    checking  $120.0 ≤ $150.0  ★8.7 ≥ ★7.5[0m
[1;92m    ✓ PASS  Sindhorn Midtown Hotel Bangkok[0m
[1;92m  ← Pullman Bangkok Hotel G[0m
[1;92m    checking  $130.0 ≤ $150.0  ★8.7 ≥ ★7.5[0m
[1;92m    ✓ PASS  Pullman Bangkok Hotel G[0m
[1;92m  ← Riva Surya Bangkok[0m
[1;92m    checking  $99.0 ≤ $150.0  ★8.7 ≥ ★7.5[0m
[1;92m    ✓ PASS  Riva Surya Bangkok[0m
[1;92m  ← The Sukhumvit Hotel Bangkok[0m
[1;92m    checking  $98.0 ≤ $150.0  ★8.6 ≥ ★7.5[0m
[1;92m    ✓ PASS  The Sukhumvit Hotel Bangkok[0m
[1;92m  ← Amari Bangkok[0m
[1;92m    checking  $118.0 ≤ $150.0  ★8.6 ≥ ★7.5[0m
[1;92m    ✓ PASS  Amari Bangkok[0m
[1;92m  ← Novotel Bangkok on Siam Square[0m
[1;92m    checking  $108.0 ≤ $150.0  ★8.5 ≥ ★7.5[0m
[1;92m    ✓ PASS  Novotel Bangkok on Siam Square[0m
[1;92m  ← Novotel Bangkok Sukhumvit 20[0m
[1;92m    checking  $112.0 ≤ $150.0  ★8.4 ≥ ★7.5[0m
[1;92m    ✓ PASS  Novotel Bangkok Sukhumvit 20[0m
