[1;96m  Found →  Capella Bangkok[0m
[1;96m           $147.0/night  ★9.5  Riverside[0m
[1;96m  Found →  Mandarin Oriental Bangkok[0m
[1;96m           $135.0/night  ★9.4  Riverside[0m
[1;96m  Found →  Siam Kempinski Hotel Bangkok[0m
[1;96m           $149.0/night  ★9.3  Siam[0m
[1;96m  Found →  The Peninsula Bangkok[0m
[1;96m           $142.0/night  ★9.2  Riverside[0m
[1;96m  Found →  Shangri-La Bangkok[0m
[1;96m           $148.0/night  ★9.1  Riverside[0m
[1;96m  Found →  Four Seasons Bangkok[0m
[1;96m           $144.0/night  ★9.1  Chao Phraya[0m
[1;96m  Found →  Anantara Riverside Bangkok Resort[0m
[1;96m           $143.0/night  ★9.0  Riverside[0m
[1;96m  Found →  Arun Residence[0m
[1;96m           $55.0/night  ★9.0  Old City[0m
[1;96m  Found →  Centara Grand at CentralWorld[0m
[1;96m           $140.0/night  ★8.9  Siam[0m
[1;96m  Found →  VIE Hotel Bangkok MGallery[0m
[1;96m           $125.0/night  ★8.9  Siam[0m
[1;96m  Found →  SO/ Bangkok[0m
[1;96m           $125.0/night  ★8.8  Silom[0m
[1;96m  Found →  The Westin Grande Sukhumvit[0m
[1;96m           $145.0/night  ★8.8  Sukhumvit[0m
[1;96m  Found →  Sala Rattanakosin Hotel[0m
[1;96m           $110.0/night  ★8.8  Old City[0m
[1;96m  Found →  Sindhorn Midtown Hotel Bangkok[0m
[1;96m           $120.0/night  ★8.7  Langsuan[0m
[1;96m  Found →  Pullman Bangkok Hotel G[0m
[1;96m           $130.0/night  ★8.7  Silom[0m
[1;96m  Found →  Riva Surya Bangkok[0m
[1;96m           $99.0/night  ★8.7  Riverside[0m
[1;96m  Found →  The Sukhumvit Hotel Bangkok[0m
[1;96m           $98.0/night  ★8.6  Sukhumvit[0m
[1;96m  Found →  Amari Bangkok[0m
[1;96m           $118.0/night  ★8.6  Siam[0m
[1;96m  Found →  Novotel Bangkok on Siam Square[0m
[1;96m           $108.0/night  ★8.5  Siam[0m
[1;96m  Found →  Novotel Bangkok Sukhumvit 20[0m
[1;96m           $112.0/night  ★8.4  Sukhumvit[0m
